2025-07-05 17:40:51 add fallback
2025-11-25 05:39:45 improve maintainability
2025-03-18 00:22:10 fix crash issue
2025-07-23 13:08:05 fix warnings
2025-09-10 12:02:04 minor changes
2025-01-08 06:30:57 fix warnings
2025-01-19 23:54:28 restructure project
2025-03-29 03:54:12 improve docs
2025-05-18 09:31:14 update scripts
2025-09-25 10:27:56 better error handling
2025-02-11 20:40:17 adjust validation rules
2025-08-21 03:14:05 tweak configs
2025-09-10 06:31:03 update build script
2025-06-09 10:02:29 cleanup dependencies
2025-05-02 15:09:56 update schema migration
2025-11-15 05:36:42 update README
2025-04-26 00:23:33 add fallback
2025-09-22 12:19:37 upgrade dependencies
2025-07-23 03:49:39 fix typo in code
2025-12-23 18:58:13 fix bug
2025-01-29 08:18:40 optimize function
2025-12-08 21:25:52 fix CI errors
2025-12-17 22:16:22 update CI pipeline
2025-01-12 22:12:06 update version
2025-03-31 01:01:24 fix async issue
2025-11-16 14:58:22 patch vulnerability
2025-05-02 06:52:57 update feature
2025-08-29 16:43:17 rebuild project
2025-02-26 05:07:39 add example file
2025-08-26 12:32:13 small refactor
2025-11-06 21:38:46 add unit tests
2025-03-25 05:06:43 better error handling
2025-02-12 22:02:01 add helper function
2025-09-21 02:30:39 improve security
2025-08-01 10:34:02 add unit tests
2025-05-21 08:28:42 fix timezone issue
2025-08-04 19:26:13 minor tweaks
